Using pre-set license
Built from '2022.3/staging' branch; Version is '2022.3.22f1 (887be4894c44) revision 8944612'; Using compiler version '192829333'; Build Type 'Release'
OS: 'Windows 10  (10.0.19045) 64bit Professional' Language: 'en' Physical Memory: 16318 MB
BatchMode: 1, IsHumanControllingUs: 0, StartBugReporterOnCrash: 0, Is64bit: 1, IsPro: 1

COMMAND LINE ARGUMENTS:
C:\Program Files\Unity\Hub\Editor\2022.3.22f1\Editor\Unity.exe
-adb2
-batchMode
-noUpm
-name
AssetImportWorker0
-projectPath
D:/Programs/Unity/Ragnarok_The-Beginning-Of-The-End
-logFile
Logs/AssetImportWorker0.log
-srvPort
12530
Successfully changed project path to: D:/Programs/Unity/Ragnarok_The-Beginning-Of-The-End
D:/Programs/Unity/Ragnarok_The-Beginning-Of-The-End
[UnityMemory] Configuration Parameters - Can be set up in boot.config
    "memorysetup-bucket-allocator-granularity=16"
    "memorysetup-bucket-allocator-bucket-count=8"
    "memorysetup-bucket-allocator-block-size=33554432"
    "memorysetup-bucket-allocator-block-count=8"
    "memorysetup-main-allocator-block-size=16777216"
    "memorysetup-thread-allocator-block-size=16777216"
    "memorysetup-gfx-main-allocator-block-size=16777216"
    "memorysetup-gfx-thread-allocator-block-size=16777216"
    "memorysetup-cache-allocator-block-size=4194304"
    "memorysetup-typetree-allocator-block-size=2097152"
    "memorysetup-profiler-bucket-allocator-granularity=16"
    "memorysetup-profiler-bucket-allocator-bucket-count=8"
    "memorysetup-profiler-bucket-allocator-block-size=33554432"
    "memorysetup-profiler-bucket-allocator-block-count=8"
    "memorysetup-profiler-allocator-block-size=16777216"
    "memorysetup-profiler-editor-allocator-block-size=1048576"
    "memorysetup-temp-allocator-size-main=16777216"
    "memorysetup-job-temp-allocator-block-size=2097152"
    "memorysetup-job-temp-allocator-block-size-background=1048576"
    "memorysetup-job-temp-allocator-reduction-small-platforms=262144"
    "memorysetup-allocator-temp-initial-block-size-main=262144"
    "memorysetup-allocator-temp-initial-block-size-worker=262144"
    "memorysetup-temp-allocator-size-background-worker=32768"
    "memorysetup-temp-allocator-size-job-worker=262144"
    "memorysetup-temp-allocator-size-preload-manager=33554432"
    "memorysetup-temp-allocator-size-nav-mesh-worker=65536"
    "memorysetup-temp-allocator-size-audio-worker=65536"
    "memorysetup-temp-allocator-size-cloud-worker=32768"
    "memorysetup-temp-allocator-size-gi-baking-worker=262144"
    "memorysetup-temp-allocator-size-gfx=262144"
Player connection [18668] Host "[IP] 192.168.1.5 [Port] 0 [Flags] 2 [Guid] 366808756 [EditorId] 366808756 [Version] 1048832 [Id] WindowsEditor(7,DESKTOP-V3RAKRG) [Debug] 1 [PackageName] WindowsEditor [ProjectName] Editor" joined multi-casting on [225.0.0.222:54997]...

Player connection [18668] Host "[IP] 192.168.1.5 [Port] 0 [Flags] 2 [Guid] 366808756 [EditorId] 366808756 [Version] 1048832 [Id] WindowsEditor(7,DESKTOP-V3RAKRG) [Debug] 1 [PackageName] WindowsEditor [ProjectName] Editor" joined alternative multi-casting on [225.0.0.222:34997]...

[Physics::Module] Initialized MultithreadedJobDispatcher with 3 workers.
Refreshing native plugins compatible for Editor in 66.34 ms, found 3 plugins.
Preloading 0 native plugins for Editor in 0.00 ms.
Initialize engine version: 2022.3.22f1 (887be4894c44)
[Subsystems] Discovering subsystems at path C:/Program Files/Unity/Hub/Editor/2022.3.22f1/Editor/Data/Resources/UnitySubsystems
[Subsystems] Discovering subsystems at path D:/Programs/Unity/Ragnarok_The-Beginning-Of-The-End/Assets
GfxDevice: creating device client; threaded=0; jobified=0
Direct3D:
    Version:  Direct3D 11.0 [level 11.1]
    Renderer: NVIDIA GeForce GTX 1050 (ID=0x1c81)
    Vendor:   NVIDIA
    VRAM:     1962 MB
    Driver:   31.0.15.5161
Initialize mono
Mono path[0] = 'C:/Program Files/Unity/Hub/Editor/2022.3.22f1/Editor/Data/Managed'
Mono path[1] = 'C:/Program Files/Unity/Hub/Editor/2022.3.22f1/Editor/Data/MonoBleedingEdge/lib/mono/unityjit-win32'
Mono config path = 'C:/Program Files/Unity/Hub/Editor/2022.3.22f1/Editor/Data/MonoBleedingEdge/etc'
Using monoOptions --debugger-agent=transport=dt_socket,embedding=1,server=y,suspend=n,address=127.0.0.1:56616
Begin MonoManager ReloadAssembly
Registering precompiled unity dll's ...
Register platform support module: C:/Program Files/Unity/Hub/Editor/2022.3.22f1/Editor/Data/PlaybackEngines/AndroidPlayer/UnityEditor.Android.Extensions.dll
Register platform support module: C:/Program Files/Unity/Hub/Editor/2022.3.22f1/Editor/Data/PlaybackEngines/WindowsStandaloneSupport/UnityEditor.WindowsStandalone.Extensions.dll
Registered in 0.022937 seconds.
- Loaded All Assemblies, in  0.715 seconds
Native extension for WindowsStandalone target not found
Native extension for Android target not found
Android Extension - Scanning For ADB Devices 320 ms
Mono: successfully reloaded assembly
- Finished resetting the current domain, in  0.801 seconds
Domain Reload Profiling: 1509ms
	BeginReloadAssembly (214ms)
		ExecutionOrderSort (0ms)
		DisableScriptedObjects (0ms)
		BackupInstance (0ms)
		ReleaseScriptingObjects (0ms)
		CreateAndSetChildDomain (1ms)
	RebuildCommonClasses (69ms)
	RebuildNativeTypeToScriptingClass (25ms)
	initialDomainReloadingComplete (144ms)
	LoadAllAssembliesAndSetupDomain (255ms)
		LoadAssemblies (211ms)
		RebuildTransferFunctionScriptingTraits (0ms)
		AnalyzeDomain (250ms)
			TypeCache.Refresh (249ms)
				TypeCache.ScanAssembly (229ms)
			ScanForSourceGeneratedMonoScriptInfo (0ms)
			ResolveRequiredComponents (1ms)
	FinalizeReload (801ms)
		ReleaseScriptCaches (0ms)
		RebuildScriptCaches (0ms)
		SetupLoadedEditorAssemblies (724ms)
			LogAssemblyErrors (0ms)
			InitializePlatformSupportModulesInManaged (486ms)
			SetLoadedEditorAssemblies (5ms)
			RefreshPlugins (0ms)
			BeforeProcessingInitializeOnLoad (4ms)
			ProcessInitializeOnLoadAttributes (167ms)
			ProcessInitializeOnLoadMethodAttributes (63ms)
			AfterProcessingInitializeOnLoad (0ms)
			EditorAssembliesLoaded (0ms)
		ExecutionOrderSort2 (0ms)
		AwakeInstancesAfterBackupRestoration (0ms)
========================================================================
Worker process is ready to serve import requests
Begin MonoManager ReloadAssembly
Symbol file LoadedFromMemory is not a mono symbol file
- Loaded All Assemblies, in  1.526 seconds
Refreshing native plugins compatible for Editor in 12.87 ms, found 3 plugins.
Native extension for WindowsStandalone target not found
Native extension for Android target not found
Package Manager log level set to [2]
[Package Manager] Server::EnsureServerProcessIsRunning -- launch failed, reason: Unity was launched with the -noUpm command-line argument
[Package Manager] UpmClient::Send -- Unable to send message (not connected to UPM process).
[Package Manager] Cannot connect to Unity Package Manager local server
Mono: successfully reloaded assembly
[Package Manager] Server::EnsureServerProcessIsRunning -- launch failed, reason: Unity was launched with the -noUpm command-line argument
[Package Manager] UpmClient::Send -- Unable to send message (not connected to UPM process).
[Package Manager] Cannot connect to Unity Package Manager local server
[Package Manager] Server::EnsureServerProcessIsRunning -- launch failed, reason: Unity was launched with the -noUpm command-line argument
[Package Manager] UpmClient::Send -- Unable to send message (not connected to UPM process).
[Package Manager] Cannot connect to Unity Package Manager local server
- Finished resetting the current domain, in  1.693 seconds
Domain Reload Profiling: 3213ms
	BeginReloadAssembly (369ms)
		ExecutionOrderSort (0ms)
		DisableScriptedObjects (16ms)
		BackupInstance (0ms)
		ReleaseScriptingObjects (0ms)
		CreateAndSetChildDomain (39ms)
	RebuildCommonClasses (104ms)
	RebuildNativeTypeToScriptingClass (30ms)
	initialDomainReloadingComplete (112ms)
	LoadAllAssembliesAndSetupDomain (903ms)
		LoadAssemblies (698ms)
		RebuildTransferFunctionScriptingTraits (0ms)
		AnalyzeDomain (436ms)
			TypeCache.Refresh (365ms)
				TypeCache.ScanAssembly (316ms)
			ScanForSourceGeneratedMonoScriptInfo (54ms)
			ResolveRequiredComponents (16ms)
	FinalizeReload (1694ms)
		ReleaseScriptCaches (0ms)
		RebuildScriptCaches (0ms)
		SetupLoadedEditorAssemblies (1264ms)
			LogAssemblyErrors (0ms)
			InitializePlatformSupportModulesInManaged (74ms)
			SetLoadedEditorAssemblies (10ms)
			RefreshPlugins (0ms)
			BeforeProcessingInitializeOnLoad (183ms)
			ProcessInitializeOnLoadAttributes (910ms)
			ProcessInitializeOnLoadMethodAttributes (62ms)
			AfterProcessingInitializeOnLoad (24ms)
			EditorAssembliesLoaded (1ms)
		ExecutionOrderSort2 (0ms)
		AwakeInstancesAfterBackupRestoration (18ms)
Launched and connected shader compiler UnityShaderCompiler.exe after 0.07 seconds
Refreshing native plugins compatible for Editor in 8.46 ms, found 3 plugins.
Preloading 0 native plugins for Editor in 0.00 ms.
Unloading 5351 Unused Serialized files (Serialized files now loaded: 0)
Unloading 59 unused Assets / (0.7 MB). Loaded Objects now: 5907.
Memory consumption went from 311.6 MB to 310.9 MB.
Total: 9.304400 ms (FindLiveObjects: 0.629800 ms CreateObjectMapping: 2.041700 ms MarkObjects: 6.034800 ms  DeleteObjects: 0.597000 ms)

AssetImportParameters requested are different than current active one (requested -> active):
  custom:container-demuxer-ogg: 62fdf1f143b41e24485cea50d1cbac27 -> 
  custom:video-codec-MediaFoundation-h265: 746d11721c4dcdbdad8f713fa42b33f4 -> 
  custom:video-decoder-ogg-theora: a1e56fd34408186e4bbccfd4996cb3dc -> 
  custom:framework-win-MediaFoundation: 216162199b28c13a410421893ffa2e32 -> 
  custom:CustomObjectIndexerAttribute: 9a22284fe3817be447336de3de66b15e -> 
  custom:container-demuxer-webm: 4f35f7cbe854078d1ac9338744f61a02 -> 
  custom:container-muxer-webm: aa71ff27fc2769a1b78a27578f13a17b -> 
  custom:video-decoder-webm-vp8: 9c59270c3fd7afecdb556c50c9e8de78 -> 
  custom:SearchIndexIgnoredProperties: e643bd26f0fe6173181afceb89e7c659 -> 
  custom:AudioImporter_EditorPlatform: d09bf68614088b80899f8185d706f6e7 -> 
  custom:video-encoder-webm-vp8: eb34c28f22e8b96e1ab97ce403110664 -> 
  custom:audio-decoder-ogg-vorbis: bf7c407c2cedff20999df2af8eb42d56 -> 
  custom:audio-encoder-webm-vorbis: bf7c407c2cedff20999df2af8eb42d56 -> 
========================================================================
Received Import Request.
  Time since last request: 51751.274378 seconds.
  path: Assets/Texture2D/UI/Item/Border/xxx (9) (1).png
  artifactKey: Guid(f089a3512f7769043b6d096227894add) Importer(815301076,1909f56bfc062723c751e8b465ee728b)
Start importing Assets/Texture2D/UI/Item/Border/xxx (9) (1).png using Guid(f089a3512f7769043b6d096227894add) Importer(815301076,1909f56bfc062723c751e8b465ee728b)  -> (artifact id: '3eab20f5fb7bbf868c73793ace5dff9a') in 0.306656 seconds
Number of updated asset objects reloaded before import = 0
Number of asset objects unloaded after import = 3
========================================================================
Received Import Request.
  Time since last request: 71.006310 seconds.
  path: Assets/Texture2D/UI/Item/Border/xxx (9) (2).png
  artifactKey: Guid(9059b57c5ec48924bbfde36d08a42593) Importer(815301076,1909f56bfc062723c751e8b465ee728b)
Start importing Assets/Texture2D/UI/Item/Border/xxx (9) (2).png using Guid(9059b57c5ec48924bbfde36d08a42593) Importer(815301076,1909f56bfc062723c751e8b465ee728b)  -> (artifact id: 'ce3c3a9580e73e82219417a64ea05201') in 0.052989 seconds
Number of updated asset objects reloaded before import = 0
Number of asset objects unloaded after import = 2
========================================================================
Received Import Request.
  Time since last request: 6.021561 seconds.
  path: Assets/Texture2D/UI/Item/Border/xxx (9) (2).png
  artifactKey: Guid(9059b57c5ec48924bbfde36d08a42593) Importer(815301076,1909f56bfc062723c751e8b465ee728b)
Start importing Assets/Texture2D/UI/Item/Border/xxx (9) (2).png using Guid(9059b57c5ec48924bbfde36d08a42593) Importer(815301076,1909f56bfc062723c751e8b465ee728b)  -> (artifact id: 'aaebdbaf7bb256451ee862e7a22057bf') in 0.042158 seconds
Number of updated asset objects reloaded before import = 0
Number of asset objects unloaded after import = 3
========================================================================
Received Import Request.
  Time since last request: 126.428527 seconds.
  path: Assets/Texture2D/UI/Item/Border/xxx (11).png
  artifactKey: Guid(b36fc681f5b99944ea7243c5f7e39e3c) Importer(815301076,1909f56bfc062723c751e8b465ee728b)
Start importing Assets/Texture2D/UI/Item/Border/xxx (11).png using Guid(b36fc681f5b99944ea7243c5f7e39e3c) Importer(815301076,1909f56bfc062723c751e8b465ee728b)  -> (artifact id: '141a51f8209029e3907d2c7089eeaaf8') in 0.119537 seconds
Number of updated asset objects reloaded before import = 0
Number of asset objects unloaded after import = 2
========================================================================
Received Import Request.
  Time since last request: 5.446612 seconds.
  path: Assets/Texture2D/UI/Item/Border/xxx (11).png
  artifactKey: Guid(b36fc681f5b99944ea7243c5f7e39e3c) Importer(815301076,1909f56bfc062723c751e8b465ee728b)
Start importing Assets/Texture2D/UI/Item/Border/xxx (11).png using Guid(b36fc681f5b99944ea7243c5f7e39e3c) Importer(815301076,1909f56bfc062723c751e8b465ee728b)  -> (artifact id: 'c55a527f60517fc1202bed63f9f18792') in 0.041793 seconds
Number of updated asset objects reloaded before import = 0
Number of asset objects unloaded after import = 3
========================================================================
Received Import Request.
  Time since last request: 67.143607 seconds.
  path: Assets/Texture2D/UI/Item/Border/xxx (9) (3).png
  artifactKey: Guid(2fdcd9cfb7025d141af7e35f5cab29a4) Importer(815301076,1909f56bfc062723c751e8b465ee728b)
Start importing Assets/Texture2D/UI/Item/Border/xxx (9) (3).png using Guid(2fdcd9cfb7025d141af7e35f5cab29a4) Importer(815301076,1909f56bfc062723c751e8b465ee728b)  -> (artifact id: '7717195c202442606e8a4a4c95ead29c') in 0.056001 seconds
Number of updated asset objects reloaded before import = 0
Number of asset objects unloaded after import = 2
========================================================================
Received Import Request.
  Time since last request: 0.000034 seconds.
  path: Assets/Texture2D/UI/Item/Border/xxx (9) (5).png
  artifactKey: Guid(12d525b852e604e45b0b20f3b3a9d7cf) Importer(815301076,1909f56bfc062723c751e8b465ee728b)
Start importing Assets/Texture2D/UI/Item/Border/xxx (9) (5).png using Guid(12d525b852e604e45b0b20f3b3a9d7cf) Importer(815301076,1909f56bfc062723c751e8b465ee728b)  -> (artifact id: 'b6d86913c4ffc5d708c4128f047fb0ee') in 0.064862 seconds
Number of updated asset objects reloaded before import = 0
Number of asset objects unloaded after import = 2
========================================================================
Received Import Request.
  Time since last request: 0.000026 seconds.
  path: Assets/Texture2D/UI/Item/Border/xxx (9) (4).png
  artifactKey: Guid(acae801d925eafe48a441af425d3eb35) Importer(815301076,1909f56bfc062723c751e8b465ee728b)
Start importing Assets/Texture2D/UI/Item/Border/xxx (9) (4).png using Guid(acae801d925eafe48a441af425d3eb35) Importer(815301076,1909f56bfc062723c751e8b465ee728b)  -> (artifact id: '189740c2663c6c88fb8f32c22f656b97') in 0.050326 seconds
Number of updated asset objects reloaded before import = 0
Number of asset objects unloaded after import = 2
========================================================================
Received Import Request.
  Time since last request: 17.295416 seconds.
  path: Assets/Texture2D/UI/Item/Border/ui_item_tier_blue_border.png
  artifactKey: Guid(acae801d925eafe48a441af425d3eb35) Importer(815301076,1909f56bfc062723c751e8b465ee728b)
Start importing Assets/Texture2D/UI/Item/Border/ui_item_tier_blue_border.png using Guid(acae801d925eafe48a441af425d3eb35) Importer(815301076,1909f56bfc062723c751e8b465ee728b)  -> (artifact id: '139783526b4ab23e8b002f54d1ae0aca') in 0.019285 seconds
Number of updated asset objects reloaded before import = 0
Number of asset objects unloaded after import = 2
========================================================================
Received Import Request.
  Time since last request: 11.108933 seconds.
  path: Assets/Texture2D/UI/Item/Border/ui_item_tier_gold_border.png
  artifactKey: Guid(f089a3512f7769043b6d096227894add) Importer(815301076,1909f56bfc062723c751e8b465ee728b)
Start importing Assets/Texture2D/UI/Item/Border/ui_item_tier_gold_border.png using Guid(f089a3512f7769043b6d096227894add) Importer(815301076,1909f56bfc062723c751e8b465ee728b)  -> (artifact id: '742fcb068c52d5ce5ae79de367595d33') in 0.038923 seconds
Number of updated asset objects reloaded before import = 0
Number of asset objects unloaded after import = 3
========================================================================
Received Import Request.
  Time since last request: 12.376543 seconds.
  path: Assets/Texture2D/UI/Item/Border/ui_item_tier_gold_border.png
  artifactKey: Guid(9059b57c5ec48924bbfde36d08a42593) Importer(815301076,1909f56bfc062723c751e8b465ee728b)
Start importing Assets/Texture2D/UI/Item/Border/ui_item_tier_gold_border.png using Guid(9059b57c5ec48924bbfde36d08a42593) Importer(815301076,1909f56bfc062723c751e8b465ee728b)  -> (artifact id: 'd80bf7f83411a6b4531c191c1f5f8f44') in 0.044104 seconds
Number of updated asset objects reloaded before import = 0
Number of asset objects unloaded after import = 3
========================================================================
Received Import Request.
  Time since last request: 9.323413 seconds.
  path: Assets/Texture2D/UI/Item/Border/ui_item_tier_white_border.png
  artifactKey: Guid(2fdcd9cfb7025d141af7e35f5cab29a4) Importer(815301076,1909f56bfc062723c751e8b465ee728b)
Start importing Assets/Texture2D/UI/Item/Border/ui_item_tier_white_border.png using Guid(2fdcd9cfb7025d141af7e35f5cab29a4) Importer(815301076,1909f56bfc062723c751e8b465ee728b)  -> (artifact id: 'a85e6206d64f91bc8402b911dd0ec93e') in 0.031322 seconds
Number of updated asset objects reloaded before import = 0
Number of asset objects unloaded after import = 2
========================================================================
Received Import Request.
  Time since last request: 7.544522 seconds.
  path: Assets/Texture2D/UI/Item/Border/ui_item_tier_purple_border.png
  artifactKey: Guid(12d525b852e604e45b0b20f3b3a9d7cf) Importer(815301076,1909f56bfc062723c751e8b465ee728b)
Start importing Assets/Texture2D/UI/Item/Border/ui_item_tier_purple_border.png using Guid(12d525b852e604e45b0b20f3b3a9d7cf) Importer(815301076,1909f56bfc062723c751e8b465ee728b)  -> (artifact id: '098ac350b454197a5355a502654915fc') in 0.017270 seconds
Number of updated asset objects reloaded before import = 0
Number of asset objects unloaded after import = 2
========================================================================
Received Import Request.
  Time since last request: 11.029975 seconds.
  path: Assets/Texture2D/UI/Item/Border/ui_item_tier_white_border.png
  artifactKey: Guid(2fdcd9cfb7025d141af7e35f5cab29a4) Importer(815301076,1909f56bfc062723c751e8b465ee728b)
Start importing Assets/Texture2D/UI/Item/Border/ui_item_tier_white_border.png using Guid(2fdcd9cfb7025d141af7e35f5cab29a4) Importer(815301076,1909f56bfc062723c751e8b465ee728b)  -> (artifact id: '38d1b24a0cea202357f0bec2d1a28507') in 0.037803 seconds
Number of updated asset objects reloaded before import = 0
Number of asset objects unloaded after import = 3
========================================================================
Received Import Request.
  Time since last request: 0.000021 seconds.
  path: Assets/Texture2D/UI/Item/Border/ui_item_tier_purple_border.png
  artifactKey: Guid(12d525b852e604e45b0b20f3b3a9d7cf) Importer(815301076,1909f56bfc062723c751e8b465ee728b)
Start importing Assets/Texture2D/UI/Item/Border/ui_item_tier_purple_border.png using Guid(12d525b852e604e45b0b20f3b3a9d7cf) Importer(815301076,1909f56bfc062723c751e8b465ee728b)  -> (artifact id: '3278a48b5e9d31c995c8a294066245af') in 0.050184 seconds
Number of updated asset objects reloaded before import = 0
Number of asset objects unloaded after import = 3
========================================================================
Received Import Request.
  Time since last request: 0.000025 seconds.
  path: Assets/Texture2D/UI/Item/Border/ui_item_tier_blue_border.png
  artifactKey: Guid(acae801d925eafe48a441af425d3eb35) Importer(815301076,1909f56bfc062723c751e8b465ee728b)
Start importing Assets/Texture2D/UI/Item/Border/ui_item_tier_blue_border.png using Guid(acae801d925eafe48a441af425d3eb35) Importer(815301076,1909f56bfc062723c751e8b465ee728b)  -> (artifact id: '4d4a04a8e380bd923e0edbfe71483d90') in 0.048729 seconds
Number of updated asset objects reloaded before import = 0
Number of asset objects unloaded after import = 3
========================================================================
Received Import Request.
  Time since last request: 95.430495 seconds.
  path: Assets/Texture2D/UI/Item/Border/ui_item_tier_blue_border.png
  artifactKey: Guid(acae801d925eafe48a441af425d3eb35) Importer(815301076,1909f56bfc062723c751e8b465ee728b)
Start importing Assets/Texture2D/UI/Item/Border/ui_item_tier_blue_border.png using Guid(acae801d925eafe48a441af425d3eb35) Importer(815301076,1909f56bfc062723c751e8b465ee728b)  -> (artifact id: '7c0fbc9502d194c52af10238fa875f31') in 0.070860 seconds
Number of updated asset objects reloaded before import = 0
Number of asset objects unloaded after import = 2
========================================================================
Received Import Request.
  Time since last request: 0.000027 seconds.
  path: Assets/Texture2D/UI/Item/Border/ui_item_tier_purple_border.png
  artifactKey: Guid(12d525b852e604e45b0b20f3b3a9d7cf) Importer(815301076,1909f56bfc062723c751e8b465ee728b)
Start importing Assets/Texture2D/UI/Item/Border/ui_item_tier_purple_border.png using Guid(12d525b852e604e45b0b20f3b3a9d7cf) Importer(815301076,1909f56bfc062723c751e8b465ee728b)  -> (artifact id: '88334e1e0ce078dfa50e97561abf9fd1') in 0.060151 seconds
Number of updated asset objects reloaded before import = 0
Number of asset objects unloaded after import = 2
========================================================================
Received Import Request.
  Time since last request: 0.000096 seconds.
  path: Assets/Texture2D/UI/Item/Border/ui_item_tier_gold_border.png
  artifactKey: Guid(9059b57c5ec48924bbfde36d08a42593) Importer(815301076,1909f56bfc062723c751e8b465ee728b)
Start importing Assets/Texture2D/UI/Item/Border/ui_item_tier_gold_border.png using Guid(9059b57c5ec48924bbfde36d08a42593) Importer(815301076,1909f56bfc062723c751e8b465ee728b)  -> (artifact id: '3f9f2ad808304ab437da05c866248356') in 0.062439 seconds
Number of updated asset objects reloaded before import = 0
Number of asset objects unloaded after import = 2
========================================================================
Received Import Request.
  Time since last request: 0.000016 seconds.
  path: Assets/Texture2D/UI/Item/Border/ui_item_tier_white_border.png
  artifactKey: Guid(2fdcd9cfb7025d141af7e35f5cab29a4) Importer(815301076,1909f56bfc062723c751e8b465ee728b)
Start importing Assets/Texture2D/UI/Item/Border/ui_item_tier_white_border.png using Guid(2fdcd9cfb7025d141af7e35f5cab29a4) Importer(815301076,1909f56bfc062723c751e8b465ee728b)  -> (artifact id: '9d183b97c3039a0b96608b7be34326d8') in 0.055332 seconds
Number of updated asset objects reloaded before import = 0
Number of asset objects unloaded after import = 2
========================================================================
Received Import Request.
  Time since last request: 5.967466 seconds.
  path: Assets/Texture2D/UI/Item/Border/ui_item_tier_gold_border.png
  artifactKey: Guid(9059b57c5ec48924bbfde36d08a42593) Importer(815301076,1909f56bfc062723c751e8b465ee728b)
Start importing Assets/Texture2D/UI/Item/Border/ui_item_tier_gold_border.png using Guid(9059b57c5ec48924bbfde36d08a42593) Importer(815301076,1909f56bfc062723c751e8b465ee728b)  -> (artifact id: '21555afa5e4e33798889b40521783ece') in 0.052769 seconds
Number of updated asset objects reloaded before import = 0
Number of asset objects unloaded after import = 3
========================================================================
Received Import Request.
  Time since last request: 0.000020 seconds.
  path: Assets/Texture2D/UI/Item/Border/ui_item_tier_purple_border.png
  artifactKey: Guid(12d525b852e604e45b0b20f3b3a9d7cf) Importer(815301076,1909f56bfc062723c751e8b465ee728b)
Start importing Assets/Texture2D/UI/Item/Border/ui_item_tier_purple_border.png using Guid(12d525b852e604e45b0b20f3b3a9d7cf) Importer(815301076,1909f56bfc062723c751e8b465ee728b)  -> (artifact id: 'ff0cdc984139080742e2c68595797d76') in 0.037099 seconds
Number of updated asset objects reloaded before import = 0
Number of asset objects unloaded after import = 3
========================================================================
Received Import Request.
  Time since last request: 0.000029 seconds.
  path: Assets/Texture2D/UI/Item/Border/ui_item_tier_white_border.png
  artifactKey: Guid(2fdcd9cfb7025d141af7e35f5cab29a4) Importer(815301076,1909f56bfc062723c751e8b465ee728b)
Start importing Assets/Texture2D/UI/Item/Border/ui_item_tier_white_border.png using Guid(2fdcd9cfb7025d141af7e35f5cab29a4) Importer(815301076,1909f56bfc062723c751e8b465ee728b)  -> (artifact id: '15cb683211e2698a9eeca9335fff7867') in 0.050679 seconds
Number of updated asset objects reloaded before import = 0
Number of asset objects unloaded after import = 3
========================================================================
Received Import Request.
  Time since last request: 0.000025 seconds.
  path: Assets/Texture2D/UI/Item/Border/ui_item_tier_blue_border.png
  artifactKey: Guid(acae801d925eafe48a441af425d3eb35) Importer(815301076,1909f56bfc062723c751e8b465ee728b)
Start importing Assets/Texture2D/UI/Item/Border/ui_item_tier_blue_border.png using Guid(acae801d925eafe48a441af425d3eb35) Importer(815301076,1909f56bfc062723c751e8b465ee728b)  -> (artifact id: '151faef87a80f7624dd098f1f1341695') in 0.052493 seconds
Number of updated asset objects reloaded before import = 0
Number of asset objects unloaded after import = 3
